  logic.c
c:\users\bui anh vu\source\repos\mytictactoe\mytictactoe\logic.c(76): warning C4013: 'printf' undefined; assuming extern returning int
  main.c
c:\users\bui anh vu\source\repos\mytictactoe\mytictactoe\game.h(7): warning C4005: 'SCREEN_WIDTH': macro redefinition
  c:\users\bui anh vu\source\repos\mytictactoe\mytictactoe\main.c(5): note: see previous definition of 'SCREEN_WIDTH'
c:\users\bui anh vu\source\repos\mytictactoe\mytictactoe\main.c(48): warning C4244: 'function': conversion from 'double' to 'int', possible loss of data
  rendering.c
c:\users\bui anh vu\source\repos\mytictactoe\mytictactoe\rendering.c(14): warning C4244: 'function': conversion from 'double' to 'int', possible loss of data
c:\users\bui anh vu\source\repos\mytictactoe\mytictactoe\rendering.c(15): warning C4244: 'function': conversion from 'double' to 'int', possible loss of data
c:\users\bui anh vu\source\repos\mytictactoe\mytictactoe\rendering.c(28): warning C4244: 'function': conversion from 'const float' to 'int', possible loss of data
c:\users\bui anh vu\source\repos\mytictactoe\mytictactoe\rendering.c(29): warning C4244: 'function': conversion from 'const float' to 'int', possible loss of data
c:\users\bui anh vu\source\repos\mytictactoe\mytictactoe\rendering.c(30): warning C4244: 'function': conversion from 'const float' to 'int', possible loss of data
c:\users\bui anh vu\source\repos\mytictactoe\mytictactoe\rendering.c(32): warning C4244: 'function': conversion from 'const float' to 'int', possible loss of data
c:\users\bui anh vu\source\repos\mytictactoe\mytictactoe\rendering.c(33): warning C4244: 'function': conversion from 'const float' to 'int', possible loss of data
c:\users\bui anh vu\source\repos\mytictactoe\mytictactoe\rendering.c(34): warning C4244: 'function': conversion from 'const float' to 'int', possible loss of data
c:\users\bui anh vu\source\repos\mytictactoe\mytictactoe\rendering.c(20): warning C4244: 'initializing': conversion from 'double' to 'const float', possible loss of data
c:\users\bui anh vu\source\repos\mytictactoe\mytictactoe\rendering.c(21): warning C4244: 'initializing': conversion from 'double' to 'const float', possible loss of data
c:\users\bui anh vu\source\repos\mytictactoe\mytictactoe\rendering.c(22): warning C4244: 'initializing': conversion from 'double' to 'const float', possible loss of data
c:\users\bui anh vu\source\repos\mytictactoe\mytictactoe\rendering.c(58): warning C4244: '=': conversion from 'const float' to 'int', possible loss of data
c:\users\bui anh vu\source\repos\mytictactoe\mytictactoe\rendering.c(59): warning C4244: '=': conversion from 'const float' to 'int', possible loss of data
c:\users\bui anh vu\source\repos\mytictactoe\mytictactoe\rendering.c(60): warning C4244: '=': conversion from 'const float' to 'int', possible loss of data
c:\users\bui anh vu\source\repos\mytictactoe\mytictactoe\rendering.c(61): warning C4244: '=': conversion from 'const float' to 'int', possible loss of data
c:\users\bui anh vu\source\repos\mytictactoe\mytictactoe\rendering.c(37): warning C4244: 'initializing': conversion from 'double' to 'const float', possible loss of data
c:\users\bui anh vu\source\repos\mytictactoe\mytictactoe\rendering.c(38): warning C4244: 'initializing': conversion from 'double' to 'const float', possible loss of data
c:\users\bui anh vu\source\repos\mytictactoe\mytictactoe\rendering.c(39): warning C4244: 'initializing': conversion from 'double' to 'const float', possible loss of data
  Generating Code...
  MyTicTacToe.vcxproj -> C:\Users\Bui Anh Vu\source\repos\MyTicTacToe\/Output/MyTicTacToe.exe
